2023-09-29 14:15:30,287 - potions - INFO - test log
2023-09-29 14:17:56,859 - potions - INFO - in new cart
2023-09-29 14:18:23,832 - potions - INFO - in new cart
2023-09-29 14:19:23,856 - potions - INFO - customer='string'
2023-10-02 10:03:38,829 - potions - INFO - customer='string'
2023-10-02 10:04:25,009 - potions - INFO - pot cart_id/items/itemSKU
2023-10-02 10:04:52,456 - potions - INFO - customer='string'
2023-10-02 10:05:07,747 - potions - INFO - pot cart_id/items/itemSKU
2023-10-02 10:05:42,162 - potions - INFO - checkout
2023-10-02 10:05:42,166 - potions - INFO - currentCart
2023-10-02 10:06:16,842 - potions - INFO - customer='string'
2023-10-02 10:06:25,379 - potions - INFO - pot cart_id/items/itemSKU
2023-10-02 10:06:42,560 - potions - INFO - checkout
2023-10-02 10:06:42,564 - potions - INFO - currentCart
2023-10-02 10:17:53,736 - potions - INFO - pot cart_id/items/itemSKU
2023-10-02 10:18:02,504 - potions - INFO - customer='string'
2023-10-02 10:18:23,356 - potions - INFO - pot cart_id/items/itemSKU
2023-10-02 10:18:30,767 - potions - INFO - checkout
2023-10-02 10:18:30,769 - potions - INFO - currentCart
2023-10-02 10:19:08,314 - potions - INFO - customer='string'
2023-10-02 13:50:31,833 - potions - INFO - customer='string'
2023-10-02 13:50:32,384 - potions - INFO - customer='string'
2023-10-02 13:52:31,900 - potions - INFO - pot cart_id/items/itemSKU
2023-10-02 13:55:37,868 - potions - INFO - pot cart_id/items/itemSKU
2023-10-02 13:55:47,561 - potions - INFO - checkout
2023-10-02 13:56:46,338 - potions - INFO - checkout
2023-10-02 13:57:10,698 - potions - INFO - customer='string'
2023-10-10 15:56:39,106 - potions - INFO - customer='string'
2023-10-10 15:57:19,624 - potions - INFO - checkout
2023-10-10 15:58:28,018 - potions - INFO - customer='string'
2023-10-10 15:58:35,149 - potions - INFO - checkout
2023-10-10 15:59:57,031 - potions - INFO - customer='string'
2023-10-10 16:00:05,827 - potions - INFO - checkout
2023-10-16 16:26:24,028 - potions - INFO - checkout
2023-10-16 16:27:11,291 - potions - INFO - checkout
2023-10-16 16:28:53,704 - potions - INFO - checkout
2023-10-16 16:29:14,181 - potions - INFO - checkout
2023-10-16 16:30:26,109 - potions - INFO - checkout
2023-10-16 17:03:02,472 - potions - INFO - checkout
2023-10-16 17:04:42,538 - potions - INFO - checkout
2023-10-21 11:30:14,438 - potions - INFO - checkout
2023-10-21 11:30:39,025 - potions - INFO - checkout
2023-10-21 11:31:45,914 - potions - INFO - checkout
2023-10-21 11:33:05,043 - potions - INFO - checkout
2023-10-21 11:33:30,901 - potions - INFO - checkout
2023-10-21 11:35:07,913 - potions - INFO - checkout
2023-10-21 11:35:27,849 - potions - INFO - checkout
2023-10-22 11:35:59,163 - potions - INFO - checkout
2023-10-22 11:36:29,255 - potions - INFO - checkout
2023-10-22 11:37:37,362 - potions - INFO - checkout
2023-10-23 12:32:44,632 - potions - INFO - checkout
2023-10-23 12:33:54,202 - potions - INFO - checkout
2023-10-23 12:34:41,358 - potions - INFO - checkout
2023-10-23 12:34:53,304 - potions - INFO - checkout
2023-10-23 12:35:28,510 - potions - INFO - checkout
2023-10-23 12:36:14,382 - potions - INFO - checkout
2023-10-23 12:36:21,059 - potions - INFO - checkout
2023-10-23 12:36:39,396 - potions - INFO - checkout
2023-10-23 12:36:57,573 - potions - INFO - checkout
2023-10-23 12:38:15,518 - potions - INFO - checkout
2023-10-23 12:38:49,545 - potions - INFO - checkout
2023-10-23 12:39:51,245 - potions - INFO - checkout
2023-10-23 12:40:15,387 - potions - INFO - checkout
2023-10-23 12:40:22,776 - potions - INFO - checkout
